<?xml version="1.0" encoding="UTF-8"?>
<testng-results ignored="0" total="1" passed="1" failed="0" skipped="0">
  <reporter-output>
  </reporter-output>
  <suite started-at="2024-04-25T15:30:06 BST" name="Default suite" finished-at="2024-04-25T15:30:51 BST" duration-ms="44475">
    <groups>
    </groups>
    <test started-at="2024-04-25T15:30:06 BST" name="Default test" finished-at="2024-04-25T15:30:51 BST" duration-ms="44475">
      <class name="test_p.Homeshop_Test">
        <test-method is-config="true" signature="test()[pri:0, instance:test_p.Homeshop_Test@7c7b252e]" started-at="2024-04-25T15:30:06 BST" name="test" finished-at="2024-04-25T15:30:16 BST" duration-ms="10052" status="PASS">
          <reporter-output>
          </reporter-output>
        </test-method> <!-- test -->
        <test-method is-config="true" signature="url()[pri:0, instance:test_p.Homeshop_Test@7c7b252e]" started-at="2024-04-25T15:30:16 BST" name="url" finished-at="2024-04-25T15:30:28 BST" duration-ms="11622" status="PASS">
          <reporter-output>
          </reporter-output>
        </test-method> <!-- url -->
        <test-method signature="testt()[pri:0, instance:test_p.Homeshop_Test@7c7b252e]" started-at="2024-04-25T15:30:28 BST" name="testt" finished-at="2024-04-25T15:30:51 BST" duration-ms="22581" status="PASS">
          <reporter-output>
          </reporter-output>
        </test-method> <!-- testt -->
      </class> <!-- test_p.Homeshop_Test -->
    </test> <!-- Default test -->
  </suite> <!-- Default suite -->
</testng-results>
